libmc/build/outputs/logs/manifest-merger-debug-report.txt
-- Merging decision tree log ---
manifest
ADDED from src/main/AndroidManifest.xml:1:1-5:12
INJECTED from src/main/AndroidManifest.xml:1:1-5:12
INJECTED from src/main/AndroidManifest.xml:1:1-5:12
INJECTED from src/main/AndroidManifest.xml:1:1-5:12
INJECTED from src/main/AndroidManifest.xml:1:1-5:12
INJECTED from src/main/AndroidManifest.xml:1:1-5:12
INJECTED from src/main/AndroidManifest.xml:1:1-5:12
	package
		ADDED from src/main/AndroidManifest.xml:2:5-42
		INJECTED from src/main/AndroidManifest.xml
		INJECTED from src/main/AndroidManifest.xml
	android:versionName
		INJECTED from src/main/AndroidManifest.xml
		ADDED from src/main/AndroidManifest.xml:1:1-5:12
		INJECTED from src/main/AndroidManifest.xml
	android:versionCode
		INJECTED from src/main/AndroidManifest.xml
		ADDED from src/main/AndroidManifest.xml:1:1-5:12
		INJECTED from src/main/AndroidManifest.xml
	xmlns:android
		ADDED from src/main/AndroidManifest.xml:1:11-69
uses-permission#android.permission.CALL_PHONE
ADDED from src/main/AndroidManifest.xml:4:5-69
	android:name
		ADDED from src/main/AndroidManifest.xml:4:22-66
uses-sdk
INJECTED from src/main/AndroidManifest.xml reason: use-sdk injection requested
INJECTED from src/main/AndroidManifest.xml
INJECTED from src/main/AndroidManifest.xml
INJECTED from src/main/AndroidManifest.xml
INJECTED from src/main/AndroidManifest.xml
	android:targetSdkVersion
		INJECTED from src/main/AndroidManifest.xml
		ADDED from src/main/AndroidManifest.xml
		INJECTED from src/main/AndroidManifest.xml
	android:minSdkVersion
		INJECTED from src/main/AndroidManifest.xml
		ADDED from src/main/AndroidManifest.xml
		INJECTED from src/main/AndroidManifest.xml